<?xml version="1.0" encoding="UTF-8"?>
<testsuite name="pl.dwolny.hexagonal.application.rest.CreatePaymentSpec" tests="1" skipped="0" failures="0" errors="0" timestamp="2021-03-30T21:45:51" hostname="DESKTOP-HQDCL11" time="2.83">
  <properties/>
  <testcase name="when get is performed then the response has status 200 and content is 'Hello world!'" classname="pl.dwolny.hexagonal.application.rest.CreatePaymentSpec" time="2.83"/>
  <system-out><![CDATA[23:45:51.689 [Test worker] DEBUG org.springframework.test.annotation.ProfileValueUtils - Retrieved @ProfileValueSourceConfiguration [null] for test class [pl.dwolny.hexagonal.application.rest.CreatePaymentSpec]
23:45:51.694 [Test worker] DEBUG org.springframework.test.annotation.ProfileValueUtils - Retrieved ProfileValueSource type [class org.springframework.test.annotation.SystemProfileValueSource] for class [pl.dwolny.hexagonal.application.rest.CreatePaymentSpec]
23:45:51.694 [Test worker] DEBUG org.springframework.test.annotation.ProfileValueUtils - Retrieved @ProfileValueSourceConfiguration [null] for test class [pl.dwolny.hexagonal.application.rest.CreatePaymentSpec]
23:45:51.694 [Test worker] DEBUG org.springframework.test.annotation.ProfileValueUtils - Retrieved ProfileValueSource type [class org.springframework.test.annotation.SystemProfileValueSource] for class [pl.dwolny.hexagonal.application.rest.CreatePaymentSpec]
23:45:51.701 [Test worker] DEBUG org.springframework.test.context.BootstrapUtils - Instantiating CacheAwareContextLoaderDelegate from class [org.springframework.test.context.cache.DefaultCacheAwareContextLoaderDelegate]
23:45:51.707 [Test worker] DEBUG org.springframework.test.context.BootstrapUtils - Instantiating BootstrapContext using constructor [public org.springframework.test.context.support.DefaultBootstrapContext(java.lang.Class,org.springframework.test.context.CacheAwareContextLoaderDelegate)]
23:45:51.714 [Test worker] DEBUG org.springframework.test.context.BootstrapUtils - Instantiating TestContextBootstrapper for test class [pl.dwolny.hexagonal.application.rest.CreatePaymentSpec] from class [org.springframework.boot.test.autoconfigure.web.servlet.WebMvcTestContextBootstrapper]
23:45:51.724 [Test worker] INFO org.springframework.boot.test.autoconfigure.web.servlet.WebMvcTestContextBootstrapper - Neither @ContextConfiguration nor @ContextHierarchy found for test class [pl.dwolny.hexagonal.application.rest.CreatePaymentSpec], using SpringBootContextLoader
23:45:51.728 [Test worker] DEBUG org.springframework.test.context.support.AbstractContextLoader - Did not detect default resource location for test class [pl.dwolny.hexagonal.application.rest.CreatePaymentSpec]: class path resource [pl/dwolny/hexagonal/application/rest/CreatePaymentSpec-context.xml] does not exist
23:45:51.729 [Test worker] DEBUG org.springframework.test.context.support.AbstractContextLoader - Did not detect default resource location for test class [pl.dwolny.hexagonal.application.rest.CreatePaymentSpec]: class path resource [pl/dwolny/hexagonal/application/rest/CreatePaymentSpecContext.groovy] does not exist
23:45:51.729 [Test worker] INFO org.springframework.test.context.support.AbstractContextLoader - Could not detect default resource locations for test class [pl.dwolny.hexagonal.application.rest.CreatePaymentSpec]: no resource found for suffixes {-context.xml, Context.groovy}.
23:45:51.789 [Test worker] DEBUG org.springframework.test.context.support.ActiveProfilesUtils - Could not find an 'annotation declaring class' for annotation type [org.springframework.test.context.ActiveProfiles] and class [pl.dwolny.hexagonal.application.rest.CreatePaymentSpec]
23:45:51.859 [Test worker] DEBUG org.springframework.context.annotation.ClassPathScanningCandidateComponentProvider - Identified candidate component class: file [C:\repos\ports-and-adapters\build\classes\java\main\pl\dwolny\hexagonal\PaymentsApplication.class]
23:45:51.860 [Test worker] INFO org.springframework.boot.test.context.SpringBootTestContextBootstrapper - Found @SpringBootConfiguration pl.dwolny.hexagonal.PaymentsApplication for test class pl.dwolny.hexagonal.application.rest.CreatePaymentSpec
23:45:51.861 [Test worker] DEBUG org.springframework.boot.test.autoconfigure.web.servlet.WebMvcTestContextBootstrapper - @TestExecutionListeners is not present for class [pl.dwolny.hexagonal.application.rest.CreatePaymentSpec]: using defaults.
23:45:51.861 [Test worker] INFO org.springframework.boot.test.autoconfigure.web.servlet.WebMvcTestContextBootstrapper - Loaded default TestExecutionListener class names from location [META-INF/spring.factories]: [org.spockframework.spring.SpringMockTestExecutionListener, org.springframework.boot.test.autoconfigure.restdocs.RestDocsTestExecutionListener, org.springframework.boot.test.autoconfigure.web.client.MockRestServiceServerResetTestExecutionListener, org.springframework.boot.test.autoconfigure.web.servlet.MockMvcPrintOnlyOnFailureTestExecutionListener, org.springframework.boot.test.autoconfigure.web.servlet.WebDriverTestExecutionListener, org.springframework.boot.test.mock.mockito.MockitoTestExecutionListener, org.springframework.boot.test.mock.mockito.ResetMocksTestExecutionListener, org.springframework.test.context.web.ServletTestExecutionListener, org.springframework.test.context.support.DirtiesContextBeforeModesTestExecutionListener, org.springframework.test.context.support.DependencyInjectionTestExecutionListener, org.springframework.test.context.support.DirtiesContextTestExecutionListener, org.springframework.test.context.transaction.TransactionalTestExecutionListener, org.springframework.test.context.jdbc.SqlScriptsTestExecutionListener, org.springframework.test.context.event.EventPublishingTestExecutionListener]
23:45:51.879 [Test worker] INFO org.springframework.boot.test.autoconfigure.web.servlet.WebMvcTestContextBootstrapper - Using TestExecutionListeners: [org.springframework.test.context.web.ServletTestExecutionListener@6f48775b, org.springframework.test.context.support.DirtiesContextBeforeModesTestExecutionListener@605f350a, org.springframework.boot.test.mock.mockito.MockitoTestExecutionListener@296beba9, org.springframework.boot.test.autoconfigure.SpringBootDependencyInjectionTestExecutionListener@34fe0ac0, org.springframework.test.context.support.DirtiesContextTestExecutionListener@182051ab, org.springframework.test.context.transaction.TransactionalTestExecutionListener@1cec0c0, org.springframework.test.context.jdbc.SqlScriptsTestExecutionListener@778e55f3, org.springframework.test.context.event.EventPublishingTestExecutionListener@33e2f9c8, org.springframework.boot.test.autoconfigure.restdocs.RestDocsTestExecutionListener@29554b16, org.springframework.boot.test.autoconfigure.web.client.MockRestServiceServerResetTestExecutionListener@5eea563c, org.springframework.boot.test.autoconfigure.web.servlet.MockMvcPrintOnlyOnFailureTestExecutionListener@5bcea1df, org.springframework.boot.test.autoconfigure.web.servlet.WebDriverTestExecutionListener@7f462fd7, org.springframework.boot.test.mock.mockito.ResetMocksTestExecutionListener@7c48d6d2, org.spockframework.spring.SpringMockTestExecutionListener@709f34d1]
23:45:51.895 [Test worker] DEBUG org.springframework.test.context.support.AbstractDirtiesContextTestExecutionListener - Before test class: context [DefaultTestContext@5a8be48e testClass = CreatePaymentSpec, testInstance = [null], testMethod = [null], testException = [null], mergedContextConfiguration = [WebMergedContextConfiguration@6d11c21f testClass = CreatePaymentSpec, locations = '{}', classes = '{class pl.dwolny.hexagonal.PaymentsApplication, class pl.dwolny.hexagonal.application.rest.CreatePaymentSpec$StubConfig}', contextInitializerClasses = '[]', activeProfiles = '{}', propertySourceLocations = '{}', propertySourceProperties = '{org.springframework.boot.test.autoconfigure.web.servlet.WebMvcTestContextBootstrapper=true}', contextCustomizers = set[org.spockframework.spring.mock.SpockContextCustomizer@0, org.springframework.boot.test.autoconfigure.OverrideAutoConfigurationContextCustomizerFactory$DisableAutoConfigurationContextCustomizer@4a4d6bb7, org.springframework.boot.test.autoconfigure.filter.TypeExcludeFiltersContextCustomizer@bd5647e, org.springframework.boot.test.autoconfigure.properties.PropertyMappingContextCustomizer@420183aa, org.springframework.boot.test.autoconfigure.web.servlet.WebDriverContextCustomizerFactory$Customizer@74e7e327, [ImportsContextCustomizer@6c7d8de3 key = [org.springframework.boot.autoconfigure.cache.CacheAutoConfiguration, org.springframework.boot.autoconfigure.context.MessageSourceAutoConfiguration, org.springframework.boot.autoconfigure.data.web.SpringDataWebAutoConfiguration, org.springframework.boot.autoconfigure.freemarker.FreeMarkerAutoConfiguration, org.springframework.boot.autoconfigure.groovy.template.GroovyTemplateAutoConfiguration, org.springframework.boot.autoconfigure.gson.GsonAutoConfiguration, org.springframework.boot.autoconfigure.hateoas.HypermediaAutoConfiguration, org.springframework.boot.autoconfigure.http.HttpMessageConvertersAutoConfiguration, org.springframework.boot.autoconfigure.jackson.JacksonAutoConfiguration, org.springframework.boot.autoconfigure.jsonb.JsonbAutoConfiguration, org.springframework.boot.autoconfigure.mustache.MustacheAutoConfiguration, org.springframework.boot.autoconfigure.task.TaskExecutionAutoConfiguration, org.springframework.boot.autoconfigure.thymeleaf.ThymeleafAutoConfiguration, org.springframework.boot.autoconfigure.validation.ValidationAutoConfiguration, org.springframework.boot.autoconfigure.web.servlet.error.ErrorMvcAutoConfiguration, org.springframework.boot.autoconfigure.web.servlet.WebMvcAutoConfiguration, org.springframework.boot.test.autoconfigure.web.servlet.MockMvcAutoConfiguration, org.springframework.boot.test.autoconfigure.web.servlet.MockMvcWebClientAutoConfiguration, org.springframework.boot.test.autoconfigure.web.servlet.MockMvcWebDriverAutoConfiguration, org.springframework.boot.autoconfigure.security.servlet.SecurityAutoConfiguration, org.springframework.boot.autoconfigure.security.servlet.UserDetailsServiceAutoConfiguration, org.springframework.boot.test.autoconfigure.web.servlet.MockMvcSecurityConfiguration]], org.springframework.boot.test.context.filter.ExcludeFilterContextCustomizer@1e8ed4ff, org.springframework.boot.test.json.DuplicateJsonObjectContextCustomizerFactory$DuplicateJsonObjectContextCustomizer@b713ba2, org.springframework.boot.test.mock.mockito.MockitoContextCustomizer@0], resourceBasePath = 'src/main/webapp', contextLoader = 'org.springframework.boot.test.context.SpringBootContextLoader', parent = [null]], attributes = map[[empty]]], class annotated with @DirtiesContext [false] with mode [null].
23:45:52.172 [Test worker] DEBUG org.springframework.test.context.support.DependencyInjectionTestExecutionListener - Performing dependency injection for test context [[DefaultTestContext@5a8be48e testClass = CreatePaymentSpec, testInstance = pl.dwolny.hexagonal.application.rest.CreatePaymentSpec@d1385e1, testMethod = [null], testException = [null], mergedContextConfiguration = [WebMergedContextConfiguration@6d11c21f testClass = CreatePaymentSpec, locations = '{}', classes = '{class pl.dwolny.hexagonal.PaymentsApplication, class pl.dwolny.hexagonal.application.rest.CreatePaymentSpec$StubConfig}', contextInitializerClasses = '[]', activeProfiles = '{}', propertySourceLocations = '{}', propertySourceProperties = '{org.springframework.boot.test.autoconfigure.web.servlet.WebMvcTestContextBootstrapper=true}', contextCustomizers = set[org.spockframework.spring.mock.SpockContextCustomizer@0, org.springframework.boot.test.autoconfigure.OverrideAutoConfigurationContextCustomizerFactory$DisableAutoConfigurationContextCustomizer@4a4d6bb7, org.springframework.boot.test.autoconfigure.filter.TypeExcludeFiltersContextCustomizer@bd5647e, org.springframework.boot.test.autoconfigure.properties.PropertyMappingContextCustomizer@420183aa, org.springframework.boot.test.autoconfigure.web.servlet.WebDriverContextCustomizerFactory$Customizer@74e7e327, [ImportsContextCustomizer@6c7d8de3 key = [org.springframework.boot.autoconfigure.cache.CacheAutoConfiguration, org.springframework.boot.autoconfigure.context.MessageSourceAutoConfiguration, org.springframework.boot.autoconfigure.data.web.SpringDataWebAutoConfiguration, org.springframework.boot.autoconfigure.freemarker.FreeMarkerAutoConfiguration, org.springframework.boot.autoconfigure.groovy.template.GroovyTemplateAutoConfiguration, org.springframework.boot.autoconfigure.gson.GsonAutoConfiguration, org.springframework.boot.autoconfigure.hateoas.HypermediaAutoConfiguration, org.springframework.boot.autoconfigure.http.HttpMessageConvertersAutoConfiguration, org.springframework.boot.autoconfigure.jackson.JacksonAutoConfiguration, org.springframework.boot.autoconfigure.jsonb.JsonbAutoConfiguration, org.springframework.boot.autoconfigure.mustache.MustacheAutoConfiguration, org.springframework.boot.autoconfigure.task.TaskExecutionAutoConfiguration, org.springframework.boot.autoconfigure.thymeleaf.ThymeleafAutoConfiguration, org.springframework.boot.autoconfigure.validation.ValidationAutoConfiguration, org.springframework.boot.autoconfigure.web.servlet.error.ErrorMvcAutoConfiguration, org.springframework.boot.autoconfigure.web.servlet.WebMvcAutoConfiguration, org.springframework.boot.test.autoconfigure.web.servlet.MockMvcAutoConfiguration, org.springframework.boot.test.autoconfigure.web.servlet.MockMvcWebClientAutoConfiguration, org.springframework.boot.test.autoconfigure.web.servlet.MockMvcWebDriverAutoConfiguration, org.springframework.boot.autoconfigure.security.servlet.SecurityAutoConfiguration, org.springframework.boot.autoconfigure.security.servlet.UserDetailsServiceAutoConfiguration, org.springframework.boot.test.autoconfigure.web.servlet.MockMvcSecurityConfiguration]], org.springframework.boot.test.context.filter.ExcludeFilterContextCustomizer@1e8ed4ff, org.springframework.boot.test.json.DuplicateJsonObjectContextCustomizerFactory$DuplicateJsonObjectContextCustomizer@b713ba2, org.springframework.boot.test.mock.mockito.MockitoContextCustomizer@0], resourceBasePath = 'src/main/webapp', contextLoader = 'org.springframework.boot.test.context.SpringBootContextLoader', parent = [null]], attributes = map[[empty]]]].
23:45:52.266 [Test worker] DEBUG org.springframework.test.context.support.TestPropertySourceUtils - Adding inlined properties to environment: {spring.jmx.enabled=false, org.springframework.boot.test.autoconfigure.web.servlet.WebMvcTestContextBootstrapper=true, server.port=-1}

  .   ____          _            __ _ _
 /\\ / ___'_ __ _ _(_)_ __  __ _ \ \ \ \
( ( )\___ | '_ | '_| | '_ \/ _` | \ \ \ \
 \\/  ___)| |_)| | | | | || (_| |  ) ) ) )
  '  |____| .__|_| |_|_| |_\__, | / / / /
 =========|_|==============|___/=/_/_/_/
 :: Spring Boot ::        (v2.2.2.RELEASE)

2021-03-30 23:45:52.522  INFO 7412 --- [    Test worker] p.d.h.a.rest.CreatePaymentSpec           : Starting CreatePaymentSpec on DESKTOP-HQDCL11 with PID 7412 (C:\repos\ports-and-adapters\build\classes\groovy\test started by Damian in C:\repos\ports-and-adapters)
2021-03-30 23:45:52.524  INFO 7412 --- [    Test worker] p.d.h.a.rest.CreatePaymentSpec           : No active profile set, falling back to default profiles: default
2021-03-30 23:45:53.955  INFO 7412 --- [    Test worker] o.s.s.concurrent.ThreadPoolTaskExecutor  : Initializing ExecutorService 'applicationTaskExecutor'
2021-03-30 23:45:54.230  WARN 7412 --- [    Test worker] .b.a.g.t.GroovyTemplateAutoConfiguration : Cannot find template location: classpath:/templates/ (please add some templates, check your Groovy configuration, or set spring.groovy.template.check-template-location=false)
2021-03-30 23:45:54.374  INFO 7412 --- [    Test worker] o.s.b.t.m.w.SpringBootMockServletContext : Initializing Spring TestDispatcherServlet ''
2021-03-30 23:45:54.374  INFO 7412 --- [    Test worker] o.s.t.web.servlet.TestDispatcherServlet  : Initializing Servlet ''
2021-03-30 23:45:54.387  INFO 7412 --- [    Test worker] o.s.t.web.servlet.TestDispatcherServlet  : Completed initialization in 13 ms
2021-03-30 23:45:54.413  INFO 7412 --- [    Test worker] p.d.h.a.rest.CreatePaymentSpec           : Started CreatePaymentSpec in 2.139 seconds (JVM running for 3.676)
]]></system-out>
  <system-err><![CDATA[]]></system-err>
</testsuite>
